<?xml version="1.0" encoding="UTF-8"?>
<testsuite name="RadioTest" tests="2" skipped="0" failures="0" errors="0" timestamp="2020-08-06T03:37:10" hostname="Scotts-MacBook-Air.local" time="0.004">
  <properties/>
  <testcase name="radioCanSaveSixStations()" classname="RadioTest" time="0.001"/>
  <testcase name="radioCanSaveOneRadioStation()" classname="RadioTest" time="0.001"/>
  <system-out><![CDATA[]]></system-out>
  <system-err><![CDATA[]]></system-err>
</testsuite>
