<?xml version="1.0" encoding="UTF-8"?>
<testsuite name="DriverTest" tests="4" skipped="0" failures="0" errors="0" timestamp="2020-08-06T03:37:10" hostname="Scotts-MacBook-Air.local" time="0.011">
  <properties/>
  <testcase name="aDriverCanFillUpACarWithGas()" classname="DriverTest" time="0.001"/>
  <testcase name="alertDrivertoLowGas()" classname="DriverTest" time="0.002"/>
  <testcase name="selectFavoriteStation()" classname="DriverTest" time="0.001"/>
  <testcase name="displayFavorites()" classname="DriverTest" time="0.001"/>
  <system-out><![CDATA[]]></system-out>
  <system-err><![CDATA[]]></system-err>
</testsuite>
