<?xml version="1.0" encoding="UTF-8"?>
<testsuite name="CarTest" tests="6" skipped="0" failures="0" errors="0" timestamp="2020-08-06T03:37:10" hostname="Scotts-MacBook-Air.local" time="0.057">
  <properties/>
  <testcase name="incrementsCarOdometer()" classname="CarTest" time="0.038"/>
  <testcase name="doesTheCarFillUpWithGas()" classname="CarTest" time="0.001"/>
  <testcase name="doesTheCarFillUpWithGasTwice()" classname="CarTest" time="0.001"/>
  <testcase name="carRecordsTripsItTakes()" classname="CarTest" time="0.003"/>
  <testcase name="carUsesGasWhileItDrives()" classname="CarTest" time="0.002"/>
  <testcase name="doesNewCarHaveNoGas()" classname="CarTest" time="0.002"/>
  <system-out><![CDATA[]]></system-out>
  <system-err><![CDATA[]]></system-err>
</testsuite>
